-------------------------------------------------------------------------------
Test set: com.example.myapi.controller.UserControllerTest
-------------------------------------------------------------------------------
Tests run: 2, Failures: 0, Errors: 2, Skipped: 0, Time elapsed: 17.162 s <<< FAILURE! - in com.example.myapi.controller.UserControllerTest
loginFailure  Time elapsed: 8.405 s  <<< ERROR!
java.lang.StackOverflowError

loginSuccess  Time elapsed: 8.752 s  <<< ERROR!
java.lang.StackOverflowError

