<?xml version="1.0" encoding="UTF-8"?>
<testsuite xmlns:xsi="http://www.w3.org/2001/XMLSchema-instance" xsi:noNamespaceSchemaLocation="https://maven.apache.org/surefire/maven-surefire-plugin/xsd/surefire-test-report.xsd" name="com.example.myapi.controller.UserControllerTest" time="17.162" tests="2" errors="2" skipped="0" failures="0">
  <properties>
[...]
</properties>
  <testcase name="loginFailure" classname="com.example.myapi.controller.UserControllerTest" time="8.405">
    <error type="java.lang.StackOverflowError">java.lang.StackOverflowError
</error>
    <system-out><![CDATA[2024-06-11 23:15:05.783  INFO 16728 --- [           main] .b.t.c.SpringBootTestContextBootstrapper : Neither @ContextConfiguration nor @ContextHierarchy found for test class [com.example.myapi.controller.UserControllerTest], using SpringBootContextLoader
2024-06-11 23:15:05.784  INFO 16728 --- [           main] o.s.t.c.support.AbstractContextLoader    : Could not detect default resource locations for test class [com.example.myapi.controller.UserControllerTest]: no resource found for suffixes {-context.xml, Context.groovy}.
2024-06-11 23:15:05.785  INFO 16728 --- [           main] t.c.s.AnnotationConfigContextLoaderUtils : Could not detect default configuration classes for test class [com.example.myapi.controller.UserControllerTest]: UserControllerTest does not declare any static, non-private, non-final, nested classes annotated with @Configuration.
2024-06-11 23:15:05.790  INFO 16728 --- [           main] .b.t.c.SpringBootTestContextBootstrapper : Found @SpringBootConfiguration com.example.myapi.MyApiApplication for test class com.example.myapi.controller.UserControllerTest
2024-06-11 23:15:05.794  INFO 16728 --- [           main] .b.t.c.SpringBootTestContextBootstrapper : Loaded default TestExecutionListener class names from location [META-INF/spring.factories]: [org.springframework.boot.test.mock.mockito.MockitoTestExecutionListener, org.springframework.boot.test.mock.mockito.ResetMocksTestExecutionListener, org.springframework.boot.test.autoconfigure.restdocs.RestDocsTestExecutionListener, org.springframework.boot.test.autoconfigure.web.client.MockRestServiceServerResetTestExecutionListener, org.springframework.boot.test.autoconfigure.web.servlet.MockMvcPrintOnlyOnFailureTestExecutionListener, org.springframework.boot.test.autoconfigure.web.servlet.WebDriverTestExecutionListener, org.springframework.boot.test.autoconfigure.webservices.client.MockWebServiceServerTestExecutionListener, org.springframework.test.context.web.ServletTestExecutionListener, org.springframework.test.context.support.DirtiesContextBeforeModesTestExecutionListener, org.springframework.test.context.event.ApplicationEventsTestExecutionListener, org.springframework.test.context.support.DependencyInjectionTestExecutionListener, org.springframework.test.context.support.DirtiesContextTestExecutionListener, org.springframework.test.context.transaction.TransactionalTestExecutionListener, org.springframework.test.context.jdbc.SqlScriptsTestExecutionListener, org.springframework.test.context.event.EventPublishingTestExecutionListener, org.springframework.security.test.context.support.WithSecurityContextTestExecutionListener, org.springframework.security.test.context.support.ReactorContextTestExecutionListener]
2024-06-11 23:15:05.795  INFO 16728 --- [           main] .b.t.c.SpringBootTestContextBootstrapper : Using TestExecutionListeners: [org.springframework.test.context.web.ServletTestExecutionListener@4219e848, org.springframework.test.context.support.DirtiesContextBeforeModesTestExecutionListener@179e0823, org.springframework.test.context.event.ApplicationEventsTestExecutionListener@2453e3ce, org.springframework.boot.test.mock.mockito.MockitoTestExecutionListener@46460f58, org.springframework.boot.test.autoconfigure.SpringBootDependencyInjectionTestExecutionListener@4b10e470, org.springframework.test.context.support.DirtiesContextTestExecutionListener@2c283221, org.springframework.test.context.transaction.TransactionalTestExecutionListener@17dee9f9, org.springframework.test.context.jdbc.SqlScriptsTestExecutionListener@61140895, org.springframework.test.context.event.EventPublishingTestExecutionListener@2d6b53a3, org.springframework.security.test.context.support.WithSecurityContextTestExecutionListener@40bfd515, org.springframework.security.test.context.support.ReactorContextTestExecutionListener@204e6dda, org.springframework.boot.test.mock.mockito.ResetMocksTestExecutionListener@61df99e6, org.springframework.boot.test.autoconfigure.restdocs.RestDocsTestExecutionListener@165e3835, org.springframework.boot.test.autoconfigure.web.client.MockRestServiceServerResetTestExecutionListener@28f74096, org.springframework.boot.test.autoconfigure.web.servlet.MockMvcPrintOnlyOnFailureTestExecutionListener@7b84d8ef, org.springframework.boot.test.autoconfigure.web.servlet.WebDriverTestExecutionListener@66896ed0, org.springframework.boot.test.autoconfigure.webservices.client.MockWebServiceServerTestExecutionListener@1716da4]
]]></system-out>
  </testcase>
  <testcase name="loginSuccess" classname="com.example.myapi.controller.UserControllerTest" time="8.752">
    <error type="java.lang.StackOverflowError">java.lang.StackOverflowError
</error>
  </testcase>
</testsuite>