<?xml version="1.0" encoding="UTF-8"?>
<testsuite xmlns:xsi="http://www.w3.org/2001/XMLSchema-instance" xsi:noNamespaceSchemaLocation="https://maven.apache.org/surefire/maven-surefire-plugin/xsd/surefire-test-report.xsd" name="com.example.myapi.controller.AdminControllerTest" time="23.56" tests="2" errors="2" skipped="0" failures="0">
  <properties>
[...]
</properties>
  <testcase name="updateFuncionario" classname="com.example.myapi.controller.AdminControllerTest" time="4.305">
    <error type="java.lang.StackOverflowError">java.lang.StackOverflowError
</error>
    <system-out><![CDATA[23:14:42.321 [main] DEBUG org.springframework.test.context.BootstrapUtils - Instantiating CacheAwareContextLoaderDelegate from class [org.springframework.test.context.cache.DefaultCacheAwareContextLoaderDelegate]
23:14:42.333 [main] DEBUG org.springframework.test.context.BootstrapUtils - Instantiating BootstrapContext using constructor [public org.springframework.test.context.support.DefaultBootstrapContext(java.lang.Class,org.springframework.test.context.CacheAwareContextLoaderDelegate)]
23:14:42.385 [main] DEBUG org.springframework.test.context.BootstrapUtils - Instantiating TestContextBootstrapper for test class [com.example.myapi.controller.AdminControllerTest] from class [org.springframework.boot.test.context.SpringBootTestContextBootstrapper]
23:14:42.397 [main] INFO org.springframework.boot.test.context.SpringBootTestContextBootstrapper - Neither @ContextConfiguration nor @ContextHierarchy found for test class [com.example.myapi.controller.AdminControllerTest], using SpringBootContextLoader
23:14:42.403 [main] DEBUG org.springframework.test.context.support.AbstractContextLoader - Did not detect default resource location for test class [com.example.myapi.controller.AdminControllerTest]: class path resource [com/example/myapi/controller/AdminControllerTest-context.xml] does not exist
23:14:42.403 [main] DEBUG org.springframework.test.context.support.AbstractContextLoader - Did not detect default resource location for test class [com.example.myapi.controller.AdminControllerTest]: class path resource [com/example/myapi/controller/AdminControllerTestContext.groovy] does not exist
23:14:42.403 [main] INFO org.springframework.test.context.support.AbstractContextLoader - Could not detect default resource locations for test class [com.example.myapi.controller.AdminControllerTest]: no resource found for suffixes {-context.xml, Context.groovy}.
23:14:42.404 [main] INFO org.springframework.test.context.support.AnnotationConfigContextLoaderUtils - Could not detect default configuration classes for test class [com.example.myapi.controller.AdminControllerTest]: AdminControllerTest does not declare any static, non-private, non-final, nested classes annotated with @Configuration.
23:14:42.506 [main] DEBUG org.springframework.test.context.support.ActiveProfilesUtils - Could not find an 'annotation declaring class' for annotation type [org.springframework.test.context.ActiveProfiles] and class [com.example.myapi.controller.AdminControllerTest]
23:14:42.647 [main] DEBUG org.springframework.context.annotation.ClassPathScanningCandidateComponentProvider - Identified candidate component class: file [C:\Users\pedro\IdeaProjects\agecom\agecom_system\target\classes\com\example\myapi\MyApiApplication.class]
23:14:42.648 [main] INFO org.springframework.boot.test.context.SpringBootTestContextBootstrapper - Found @SpringBootConfiguration com.example.myapi.MyApiApplication for test class com.example.myapi.controller.AdminControllerTest
23:14:42.823 [main] DEBUG org.springframework.boot.test.context.SpringBootTestContextBootstrapper - @TestExecutionListeners is not present for class [com.example.myapi.controller.AdminControllerTest]: using defaults.
23:14:42.824 [main] INFO org.springframework.boot.test.context.SpringBootTestContextBootstrapper - Loaded default TestExecutionListener class names from location [META-INF/spring.factories]: [org.springframework.boot.test.mock.mockito.MockitoTestExecutionListener, org.springframework.boot.test.mock.mockito.ResetMocksTestExecutionListener, org.springframework.boot.test.autoconfigure.restdocs.RestDocsTestExecutionListener, org.springframework.boot.test.autoconfigure.web.client.MockRestServiceServerResetTestExecutionListener, org.springframework.boot.test.autoconfigure.web.servlet.MockMvcPrintOnlyOnFailureTestExecutionListener, org.springframework.boot.test.autoconfigure.web.servlet.WebDriverTestExecutionListener, org.springframework.boot.test.autoconfigure.webservices.client.MockWebServiceServerTestExecutionListener, org.springframework.test.context.web.ServletTestExecutionListener, org.springframework.test.context.support.DirtiesContextBeforeModesTestExecutionListener, org.springframework.test.context.event.ApplicationEventsTestExecutionListener, org.springframework.test.context.support.DependencyInjectionTestExecutionListener, org.springframework.test.context.support.DirtiesContextTestExecutionListener, org.springframework.test.context.transaction.TransactionalTestExecutionListener, org.springframework.test.context.jdbc.SqlScriptsTestExecutionListener, org.springframework.test.context.event.EventPublishingTestExecutionListener, org.springframework.security.test.context.support.WithSecurityContextTestExecutionListener, org.springframework.security.test.context.support.ReactorContextTestExecutionListener]
23:14:42.858 [main] INFO org.springframework.boot.test.context.SpringBootTestContextBootstrapper - Using TestExecutionListeners: [org.springframework.test.context.web.ServletTestExecutionListener@505a9d7c, org.springframework.test.context.support.DirtiesContextBeforeModesTestExecutionListener@758c83d8, org.springframework.test.context.event.ApplicationEventsTestExecutionListener@129b4fe2, org.springframework.boot.test.mock.mockito.MockitoTestExecutionListener@5af3a0f, org.springframework.boot.test.autoconfigure.SpringBootDependencyInjectionTestExecutionListener@19ae6bb, org.springframework.test.context.support.DirtiesContextTestExecutionListener@10993713, org.springframework.test.context.transaction.TransactionalTestExecutionListener@58359ebd, org.springframework.test.context.jdbc.SqlScriptsTestExecutionListener@24b6b8f6, org.springframework.test.context.event.EventPublishingTestExecutionListener@72cf2de5, org.springframework.security.test.context.support.WithSecurityContextTestExecutionListener@2bb7bd00, org.springframework.security.test.context.support.ReactorContextTestExecutionListener@5f031ebd, org.springframework.boot.test.mock.mockito.ResetMocksTestExecutionListener@4ee37ca3, org.springframework.boot.test.autoconfigure.restdocs.RestDocsTestExecutionListener@45c8d09f, org.springframework.boot.test.autoconfigure.web.client.MockRestServiceServerResetTestExecutionListener@53812a9b, org.springframework.boot.test.autoconfigure.web.servlet.MockMvcPrintOnlyOnFailureTestExecutionListener@14b030a0, org.springframework.boot.test.autoconfigure.web.servlet.WebDriverTestExecutionListener@41e350f1, org.springframework.boot.test.autoconfigure.webservices.client.MockWebServiceServerTestExecutionListener@422c3c7a]
23:14:42.869 [main] DEBUG org.springframework.test.context.support.AbstractDirtiesContextTestExecutionListener - Before test class: context [DefaultTestContext@5974109 testClass = AdminControllerTest, testInstance = [null], testMethod = [null], testException = [null], mergedContextConfiguration = [WebMergedContextConfiguration@27305e6 testClass = AdminControllerTest, locations = '{}', classes = '{class com.example.myapi.MyApiApplication}', contextInitializerClasses = '[]', activeProfiles = '{}', propertySourceLocations = '{}', propertySourceProperties = '{org.springframework.boot.test.context.SpringBootTestContextBootstrapper=true}', contextCustomizers = set[[ImportsContextCustomizer@1ef3efa8 key = [org.springframework.boot.test.autoconfigure.web.servlet.MockMvcAutoConfiguration, org.springframework.boot.test.autoconfigure.web.servlet.MockMvcWebClientAutoConfiguration, org.springframework.boot.test.autoconfigure.web.servlet.MockMvcWebDriverAutoConfiguration, org.springframework.boot.autoconfigure.security.oauth2.client.servlet.OAuth2ClientAutoConfiguration, org.springframework.boot.autoconfigure.security.oauth2.resource.servlet.OAuth2ResourceServerAutoConfiguration, org.springframework.boot.autoconfigure.security.servlet.SecurityAutoConfiguration, org.springframework.boot.autoconfigure.security.servlet.SecurityFilterAutoConfiguration, org.springframework.boot.autoconfigure.security.servlet.UserDetailsServiceAutoConfiguration, org.springframework.boot.test.autoconfigure.web.servlet.MockMvcSecurityConfiguration, org.springframework.boot.test.autoconfigure.web.reactive.WebTestClientAutoConfiguration]], org.springframework.boot.test.context.filter.ExcludeFilterContextCustomizer@19e7a160, org.springframework.boot.test.json.DuplicateJsonObjectContextCustomizerFactory$DuplicateJsonObjectContextCustomizer@6cb6decd, org.springframework.boot.test.mock.mockito.MockitoContextCustomizer@0, org.springframework.boot.test.web.client.TestRestTemplateContextCustomizer@1b45c0e, org.springframework.boot.test.autoconfigure.actuate.metrics.MetricsExportContextCustomizerFactory$DisableMetricExportContextCustomizer@5a5338df, org.springframework.boot.test.autoconfigure.properties.PropertyMappingContextCustomizer@4b3fa0b3, org.springframework.boot.test.autoconfigure.web.servlet.WebDriverContextCustomizerFactory$Customizer@7d286fb6, org.springframework.boot.test.context.SpringBootTestArgs@1, org.springframework.boot.test.context.SpringBootTestWebEnvironment@7193666c], resourceBasePath = 'src/main/webapp', contextLoader = 'org.springframework.boot.test.context.SpringBootContextLoader', parent = [null]], attributes = map['org.springframework.test.context.web.ServletTestExecutionListener.activateListener' -> true]], class annotated with @DirtiesContext [false] with mode [null].

  .   ____          _            __ _ _
 /\\ / ___'_ __ _ _(_)_ __  __ _ \ \ \ \
( ( )\___ | '_ | '_| | '_ \/ _` | \ \ \ \
 \\/  ___)| |_)| | | | | || (_| |  ) ) ) )
  '  |____| .__|_| |_|_| |_\__, | / / / /
 =========|_|==============|___/=/_/_/_/
 :: Spring Boot ::                (v2.7.3)

2024-06-11 23:14:43.521  INFO 16728 --- [           main] c.e.m.controller.AdminControllerTest     : Starting AdminControllerTest using Java 11.0.23 on plramos with PID 16728 (started by pedro in C:\Users\pedro\IdeaProjects\agecom\agecom_system)
2024-06-11 23:14:43.523  INFO 16728 --- [           main] c.e.m.controller.AdminControllerTest     : No active profile set, falling back to 1 default profile: "default"
2024-06-11 23:14:44.831  INFO 16728 --- [           main] .s.d.r.c.RepositoryConfigurationDelegate : Bootstrapping Spring Data JPA repositories in DEFAULT mode.
2024-06-11 23:14:44.973  INFO 16728 --- [           main] .s.d.r.c.RepositoryConfigurationDelegate : Finished Spring Data repository scanning in 119 ms. Found 6 JPA repository interfaces.
2024-06-11 23:14:45.856  INFO 16728 --- [           main] com.zaxxer.hikari.HikariDataSource       : HikariPool-1 - Starting...
2024-06-11 23:14:46.552  INFO 16728 --- [           main] com.zaxxer.hikari.HikariDataSource       : HikariPool-1 - Start completed.
2024-06-11 23:14:46.946  INFO 16728 --- [           main] o.hibernate.jpa.internal.util.LogHelper  : HHH000204: Processing PersistenceUnitInfo [name: default]
2024-06-11 23:14:47.055  INFO 16728 --- [           main] org.hibernate.Version                    : HHH000412: Hibernate ORM core version 5.6.10.Final
2024-06-11 23:14:47.330  INFO 16728 --- [           main] o.hibernate.annotations.common.Version   : HCANN000001: Hibernate Commons Annotations {5.1.2.Final}
2024-06-11 23:14:47.576  INFO 16728 --- [           main] org.hibernate.dialect.Dialect            : HHH000400: Using dialect: org.hibernate.dialect.PostgreSQLDialect
2024-06-11 23:14:47.770  WARN 16728 --- [           main] org.hibernate.cfg.AnnotationBinder       : HHH000457: Joined inheritance hierarchy [com.example.myapi.model.Cliente] defined explicit @DiscriminatorColumn.  Legacy Hibernate behavior was to ignore the @DiscriminatorColumn.  However, as part of issue HHH-6911 we now apply the explicit @DiscriminatorColumn.  If you would prefer the legacy behavior, enable the `hibernate.discriminator.ignore_explicit_for_joined` setting (hibernate.discriminator.ignore_explicit_for_joined=true)
2024-06-11 23:14:48.975  INFO 16728 --- [           main] o.h.e.t.j.p.i.JtaPlatformInitiator       : HHH000490: Using JtaPlatform implementation: [org.hibernate.engine.transaction.jta.platform.internal.NoJtaPlatform]
2024-06-11 23:14:48.987  INFO 16728 --- [           main] j.LocalContainerEntityManagerFactoryBean : Initialized JPA EntityManagerFactory for persistence unit 'default'
2024-06-11 23:14:50.865  INFO 16728 --- [           main] o.s.s.web.DefaultSecurityFilterChain     : Will secure any request with [org.springframework.security.web.session.DisableEncodeUrlFilter@862624f, org.springframework.security.web.context.request.async.WebAsyncManagerIntegrationFilter@3aa8c337, org.springframework.security.web.context.SecurityContextPersistenceFilter@af57949, org.springframework.security.web.header.HeaderWriterFilter@10e4cc6, org.springframework.security.web.authentication.logout.LogoutFilter@2cd2c764, org.springframework.security.web.authentication.UsernamePasswordAuthenticationFilter@63896cf7, org.springframework.security.web.authentication.ui.DefaultLoginPageGeneratingFilter@27605b87, org.springframework.security.web.authentication.ui.DefaultLogoutPageGeneratingFilter@78e7b83, org.springframework.security.web.savedrequest.RequestCacheAwareFilter@3f6a9ba0, org.springframework.security.web.servletapi.SecurityContextHolderAwareRequestFilter@1e749235, org.springframework.security.web.authentication.AnonymousAuthenticationFilter@6761f75b, org.springframework.security.web.session.SessionManagementFilter@4d3a7f83, org.springframework.security.web.access.ExceptionTranslationFilter@2190508d, org.springframework.security.web.access.intercept.FilterSecurityInterceptor@49322d04]
2024-06-11 23:14:51.370  WARN 16728 --- [           main] JpaBaseConfiguration$JpaWebConfiguration : spring.jpa.open-in-view is enabled by default. Therefore, database queries may be performed during view rendering. Explicitly configure spring.jpa.open-in-view to disable this warning
2024-06-11 23:14:52.825  INFO 16728 --- [           main] o.s.b.t.m.w.SpringBootMockServletContext : Initializing Spring TestDispatcherServlet ''
2024-06-11 23:14:52.826  INFO 16728 --- [           main] o.s.t.web.servlet.TestDispatcherServlet  : Initializing Servlet ''
2024-06-11 23:14:52.828  INFO 16728 --- [           main] o.s.t.web.servlet.TestDispatcherServlet  : Completed initialization in 2 ms
2024-06-11 23:14:52.870  INFO 16728 --- [           main] c.e.m.controller.AdminControllerTest     : Started AdminControllerTest in 9.943 seconds (JVM running for 11.661)
]]></system-out>
  </testcase>
  <testcase name="createFuncionario" classname="com.example.myapi.controller.AdminControllerTest" time="8.552">
    <error type="java.lang.StackOverflowError">java.lang.StackOverflowError
</error>
  </testcase>
</testsuite>